<?xml version="1.0" encoding="UTF-8"?>
<!-- Generated by org.testng.reporters.JUnitXMLReporter -->
<testsuite hostname="kruthi-PC" ignored="0" name="Test" tests="4" failures="0" timestamp="2020-07-18T17:17:28 IST" time="380.24" errors="0">
  <testcase name="productsearch" time="20.51" classname="amazonE2E.productsearch"/>
  <testcase name="TC_productdlist_001" time="51.802" classname="amazonE2E.Listofproducts"/>
  <testcase name="productsearch" time="109.675" classname="amazonE2E.booksearch"/>
  <testcase name="TC_productdetails_001" time="67.944" classname="amazonE2E.productdetails"/>
</testsuite> <!-- Test -->
